<?xml version="1.0" encoding="UTF-8"?>
<!-- Generated by org.testng.reporters.JUnitReportReporter -->
<testsuite hostname="SHIVAKUNTAMALLA" failures="0" tests="1" name="restassuredTests.Get_Request_1" time="1.707" errors="0" timestamp="2023-12-19T12:54:25 IST" skipped="0">
  <testcase classname="restassuredTests.Get_Request_1" name="testPost" time="1.707"/>
  <system-out/>
</testsuite> <!-- restassuredTests.Get_Request_1 -->
