<?xml version="1.0" encoding="UTF-8"?>
<!-- Generated by org.testng.reporters.JUnitReportReporter -->
<testsuite hostname="SHIVAKUNTAMALLA" failures="0" tests="1" name="restassuredTests.PostRequest" time="1.521" errors="0" timestamp="2023-12-19T16:51:09 IST" skipped="0">
  <testcase classname="restassuredTests.PostRequest" name="DeleteRequest" time="1.521"/>
  <system-out/>
</testsuite> <!-- restassuredTests.PostRequest -->
