<?xml version="1.0" encoding="UTF-8"?>
<!-- Generated by org.testng.reporters.JUnitReportReporter -->
<testsuite hostname="SHIVAKUNTAMALLA" failures="0" tests="1" name="restassuredTests.PutPatchRequest" time="1.642" errors="0" timestamp="2023-12-19T16:14:45 IST" skipped="0">
  <testcase classname="restassuredTests.PutPatchRequest" name="getPutpatchMethod" time="1.642"/>
  <system-out/>
</testsuite> <!-- restassuredTests.PutPatchRequest -->
