<?xml version="1.0" encoding="UTF-8"?>
<!-- Generated by org.testng.reporters.JUnitReportReporter -->
<testsuite hostname="SHIVAKUNTAMALLA" failures="0" tests="1" name="restassuredTests.Demo1_GET_Request" time="1.157" errors="0" timestamp="2023-12-17T19:26:48 IST" skipped="0">
  <testcase classname="restassuredTests.Demo1_GET_Request" name="getPages" time="1.157"/>
</testsuite> <!-- restassuredTests.Demo1_GET_Request -->
