<?xml version="1.0" encoding="UTF-8"?>
<!-- Generated by org.testng.reporters.JUnitReportReporter -->
<testsuite hostname="SHIVAKUNTAMALLA" failures="0" tests="1" name="restassuredTests.CustomAPIGetPutPostPatchDelete" time="0.877" errors="0" timestamp="2023-12-20T12:11:30 IST" skipped="0">
  <testcase classname="restassuredTests.CustomAPIGetPutPostPatchDelete" name="putSubjects" time="0.877"/>
  <system-out/>
</testsuite> <!-- restassuredTests.CustomAPIGetPutPostPatchDelete -->
